<?xml version="1.0" encoding="UTF-8"?>
<robot generator="Robot 7.3 (Python 3.13.3 on win32)" generated="2025-06-14T12:10:00.144845" rpa="false" schemaversion="5">
<suite id="s1" name="Blog Test" source="C:\Users\maksi\Desktop\Test\App\blog\robot-tests\blog_test.robot">
<test id="s1-t1" name="Test Login And Comment" line="8">
<kw name="Sleep" owner="BuiltIn">
<msg time="2025-06-14T12:10:02.841014" level="INFO">Slept 2 seconds.</msg>
<arg>2s</arg>
<doc>Pauses the test executed for the given time.</doc>
<status status="PASS" start="2025-06-14T12:10:00.840317" elapsed="2.001129"/>
</kw>
<kw name="Open Browser" owner="SeleniumLibrary">
<msg time="2025-06-14T12:10:02.843840" level="INFO">Opening browser 'chrome' to base url 'http://localhost:8080'.</msg>
<arg>${URL}</arg>
<arg>chrome</arg>
<doc>Opens a new browser instance to the optional ``url``.</doc>
<status status="PASS" start="2025-06-14T12:10:02.842743" elapsed="2.005664"/>
</kw>
<kw name="Click Link" owner="SeleniumLibrary">
<msg time="2025-06-14T12:10:04.851004" level="INFO">Clicking link 'Вхід'.</msg>
<arg>Вхід</arg>
<doc>Clicks a link identified by ``locator``.</doc>
<status status="PASS" start="2025-06-14T12:10:04.849968" elapsed="0.274392"/>
</kw>
<kw name="Input Text" owner="SeleniumLibrary">
<msg time="2025-06-14T12:10:05.125639" level="INFO">Typing text 'Revoke' into text field 'name=username'.</msg>
<arg>name=username</arg>
<arg>Revoke</arg>
<doc>Types the given ``text`` into the text field identified by ``locator``.</doc>
<status status="PASS" start="2025-06-14T12:10:05.124957" elapsed="0.214868"/>
</kw>
<kw name="Input Text" owner="SeleniumLibrary">
<msg time="2025-06-14T12:10:05.340960" level="INFO">Typing text '123123123' into text field 'name=password'.</msg>
<arg>name=password</arg>
<arg>123123123</arg>
<doc>Types the given ``text`` into the text field identified by ``locator``.</doc>
<status status="PASS" start="2025-06-14T12:10:05.340440" elapsed="0.151229"/>
</kw>
<kw name="Sleep" owner="BuiltIn">
<msg time="2025-06-14T12:10:07.492734" level="INFO">Slept 2 seconds.</msg>
<arg>2s</arg>
<doc>Pauses the test executed for the given time.</doc>
<status status="PASS" start="2025-06-14T12:10:05.492079" elapsed="2.000985"/>
</kw>
<kw name="Click Button" owner="SeleniumLibrary">
<msg time="2025-06-14T12:10:07.494944" level="INFO">Clicking button 'Увійти'.</msg>
<arg>Увійти</arg>
<doc>Clicks the button identified by ``locator``.</doc>
<status status="PASS" start="2025-06-14T12:10:07.494282" elapsed="0.342936"/>
</kw>
<kw name="Go Back" owner="SeleniumLibrary">
<doc>Simulates the user clicking the back button on their browser.</doc>
<status status="PASS" start="2025-06-14T12:10:07.837686" elapsed="0.038224"/>
</kw>
<kw name="Click Button" owner="SeleniumLibrary">
<msg time="2025-06-14T12:10:07.876860" level="INFO">Clicking button 'Увійти'.</msg>
<arg>Увійти</arg>
<doc>Clicks the button identified by ``locator``.</doc>
<status status="PASS" start="2025-06-14T12:10:07.876476" elapsed="0.224485"/>
</kw>
<kw name="Click Element" owner="SeleniumLibrary">
<msg time="2025-06-14T12:10:08.102532" level="INFO">Clicking element 'xpath=(.//*[normalize-space(text())='First Post'])[1]/following::p[1]'.</msg>
<arg>xpath=(.//*[normalize-space(text())='First Post'])[1]/following::p[1]</arg>
<doc>Click the element identified by ``locator``.</doc>
<status status="PASS" start="2025-06-14T12:10:08.102072" elapsed="0.347362"/>
</kw>
<kw name="Input Text" owner="SeleniumLibrary">
<msg time="2025-06-14T12:10:08.450443" level="INFO">Typing text 'Test comment from Robot Framework' into text field 'name=content'.</msg>
<arg>name=content</arg>
<arg>Test comment from Robot Framework</arg>
<doc>Types the given ``text`` into the text field identified by ``locator``.</doc>
<status status="PASS" start="2025-06-14T12:10:08.449968" elapsed="0.254722"/>
</kw>
<kw name="Click Button" owner="SeleniumLibrary">
<msg time="2025-06-14T12:10:08.705856" level="INFO">Clicking button 'Додати коментар'.</msg>
<arg>Додати коментар</arg>
<doc>Clicks the button identified by ``locator``.</doc>
<status status="PASS" start="2025-06-14T12:10:08.705408" elapsed="0.445034"/>
</kw>
<kw name="Close Browser" owner="SeleniumLibrary">
<doc>Closes the current browser.</doc>
<status status="PASS" start="2025-06-14T12:10:09.151131" elapsed="2.208693"/>
</kw>
<status status="PASS" start="2025-06-14T12:10:00.839108" elapsed="10.521808"/>
</test>
<status status="PASS" start="2025-06-14T12:10:00.147831" elapsed="11.216552"/>
</suite>
<statistics>
<total>
<stat pass="1" fail="0" skip="0">All Tests</stat>
</total>
<tag>
</tag>
<suite>
<stat name="Blog Test" id="s1" pass="1" fail="0" skip="0">Blog Test</stat>
</suite>
</statistics>
<errors>
</errors>
</robot>
